[debug] [2021-02-26T05:05:39.854Z] ----------------------------------------------------------------------
[debug] [2021-02-26T05:05:39.855Z] Command:       /usr/local/bin/node /usr/local/bin/firebase emulators:start --only functions
[debug] [2021-02-26T05:05:39.855Z] CLI Version:   9.5.0
[debug] [2021-02-26T05:05:39.856Z] Platform:      linux
[debug] [2021-02-26T05:05:39.856Z] Node Version:  v14.15.5
[debug] [2021-02-26T05:05:39.856Z] Time:          Fri Feb 26 2021 14:05:39 GMT+0900 (Japan Standard Time)
[debug] [2021-02-26T05:05:39.856Z] ----------------------------------------------------------------------
[debug] [2021-02-26T05:05:39.856Z] 
[debug] [2021-02-26T05:05:39.861Z] > command requires scopes: ["email","openid","https://www.googleapis.com/auth/cloudplatformprojects.readonly","https://www.googleapis.com/auth/firebase","https://www.googleapis.com/auth/cloud-platform"]
[debug] [2021-02-26T05:05:39.861Z] > authorizing via signed-in user
[info] i  emulators: Starting emulators: functions {"metadata":{"emulator":{"name":"hub"},"message":"Starting emulators: functions"}}
[debug] [2021-02-26T05:05:39.879Z] [hub] writing locator at /tmp/hub-nicha-nnct.json
[warn] ⚠  functions: The following emulators are not running, calls to these services from the Functions emulator will affect production: auth, firestore, database, hosting, pubsub {"metadata":{"emulator":{"name":"functions"},"message":"The following emulators are not running, calls to these services from the Functions emulator will affect production: \u001b[1mauth, firestore, database, hosting, pubsub\u001b[22m"}}
[warn] ⚠  Your requested "node" version "12" doesn't match your global version "14" {"metadata":{"emulator":{"name":"functions"},"message":"Your requested \"node\" version \"12\" doesn't match your global version \"14\""}}
[debug] [2021-02-26T05:05:39.905Z] defaultcredentials: writing to file /home/bony_chops/.config/firebase/contact_bonychops_gmail.com_application_default_credentials.json
[debug] [2021-02-26T05:05:39.907Z] Setting GAC to /home/bony_chops/.config/firebase/contact_bonychops_gmail.com_application_default_credentials.json {"metadata":{"emulator":{"name":"functions"},"message":"Setting GAC to /home/bony_chops/.config/firebase/contact_bonychops_gmail.com_application_default_credentials.json"}}
[debug] [2021-02-26T05:05:39.909Z] > refreshing access token with scopes: []
[debug] [2021-02-26T05:05:39.910Z] >>> HTTP REQUEST POST https://www.googleapis.com/oauth2/v3/token  
 <request body omitted>
[debug] [2021-02-26T05:05:40.084Z] <<< HTTP RESPONSE 200 {"expires":"Mon, 01 Jan 1990 00:00:00 GMT","pragma":"no-cache","date":"Fri, 26 Feb 2021 05:05:40 GMT","cache-control":"no-cache, no-store, max-age=0, must-revalidate","content-type":"application/json; charset=utf-8","vary":"X-Origin, Referer, Origin,Accept-Encoding","server":"scaffolding on HTTPServer2","x-xss-protection":"0","x-frame-options":"SAMEORIGIN","x-content-type-options":"nosniff","alt-svc":"h3-29=\":443\"; ma=2592000,h3-T051=\":443\"; ma=2592000,h3-Q050=\":443\"; ma=2592000,h3-Q046=\":443\"; ma=2592000,h3-Q043=\":443\"; ma=2592000,quic=\":443\"; ma=2592000; v=\"46,43\"","accept-ranges":"none","transfer-encoding":"chunked"}
[debug] [2021-02-26T05:05:40.097Z] >>> [apiv2][query] GET https://firebase.googleapis.com/v1beta1/projects/nicha-nnct/adminSdkConfig [none]
[debug] [2021-02-26T05:05:40.747Z] <<< [apiv2][status] GET https://firebase.googleapis.com/v1beta1/projects/nicha-nnct/adminSdkConfig 200
[debug] [2021-02-26T05:05:40.748Z] <<< [apiv2][body] GET https://firebase.googleapis.com/v1beta1/projects/nicha-nnct/adminSdkConfig {"projectId":"nicha-nnct","storageBucket":"nicha-nnct.appspot.com","locationId":"asia-northeast1"}
[info] i  ui: downloading ui-v1.4.2.zip... {"metadata":{"emulator":{"name":"ui"},"message":"downloading ui-v1.4.2.zip..."}}
[debug] [2021-02-26T05:05:40.798Z] >>> [apiv2][query] GET https://storage.googleapis.com/firebase-preview-drop/emulator/ui-v1.4.2.zip [none]
[debug] [2021-02-26T05:05:40.919Z] <<< [apiv2][status] GET https://storage.googleapis.com/firebase-preview-drop/emulator/ui-v1.4.2.zip 200
[debug] [2021-02-26T05:05:40.919Z] <<< [apiv2][body] GET https://storage.googleapis.com/firebase-preview-drop/emulator/ui-v1.4.2.zip [stream]
[debug] [2021-02-26T05:05:41.828Z] Ignoring unsupported arg: auto_download {"metadata":{"emulator":{"name":"ui"},"message":"Ignoring unsupported arg: auto_download"}}
[debug] [2021-02-26T05:05:41.829Z] Ignoring unsupported arg: port {"metadata":{"emulator":{"name":"ui"},"message":"Ignoring unsupported arg: port"}}
[debug] [2021-02-26T05:05:41.829Z] Starting Emulator UI with command {"binary":"node","args":["/home/bony_chops/.cache/firebase/emulators/ui-v1.4.2/server.bundle.js"],"optionalArgs":[],"joinArgs":false} {"metadata":{"emulator":{"name":"ui"},"message":"Starting Emulator UI with command {\"binary\":\"node\",\"args\":[\"/home/bony_chops/.cache/firebase/emulators/ui-v1.4.2/server.bundle.js\"],\"optionalArgs\":[],\"joinArgs\":false}"}}
[info] i  ui: Emulator UI logging to ui-debug.log {"metadata":{"emulator":{"name":"ui"},"message":"Emulator UI logging to \u001b[1mui-debug.log\u001b[22m"}}
[debug] [2021-02-26T05:05:42.084Z] Web / API server started at http://localhost:30000
 {"metadata":{"emulator":{"name":"ui"},"message":"Web / API server started at http://localhost:30000\n"}}
[info] i  functions: Watching "/media/bony_chops/Data/Users/Documents/nicha-webclient/functions" for Cloud Functions... {"metadata":{"emulator":{"name":"functions"},"message":"Watching \"/media/bony_chops/Data/Users/Documents/nicha-webclient/functions\" for Cloud Functions..."}}
[debug] [2021-02-26T05:05:43.458Z] [worker-pool] addWorker(~diagnostic~) {"metadata":{"emulator":{"name":"functions"},"message":"[worker-pool] addWorker(~diagnostic~)"}}
[debug] [2021-02-26T05:05:43.460Z] [worker-pool] Adding worker with key ~diagnostic~, total=1 {"metadata":{"emulator":{"name":"functions"},"message":"[worker-pool] Adding worker with key ~diagnostic~, total=1"}}
[debug] [2021-02-26T05:05:43.460Z] [worker-pool] submitWork(triggerId=) {"metadata":{"emulator":{"name":"functions"},"message":"[worker-pool] submitWork(triggerId=)"}}
[debug] [2021-02-26T05:05:43.461Z] [worker-~diagnostic~-a798e014-2468-4ba4-843f-f932e4b9192d]: Assigning socketPath: /tmp/fire_emu_57948.sock {"metadata":{"emulator":{"name":"functions"},"message":"[worker-~diagnostic~-a798e014-2468-4ba4-843f-f932e4b9192d]: Assigning socketPath: /tmp/fire_emu_57948.sock"}}
[debug] [2021-02-26T05:05:43.462Z] [worker-~diagnostic~-a798e014-2468-4ba4-843f-f932e4b9192d]: BUSY {"metadata":{"emulator":{"name":"functions"},"message":"[worker-~diagnostic~-a798e014-2468-4ba4-843f-f932e4b9192d]: BUSY"}}
[debug] [2021-02-26T05:05:43.749Z] [runtime-status] [57948] Functions runtime initialized. {"cwd":"/media/bony_chops/Data/Users/Documents/nicha-webclient/functions","node_version":"14.15.5"} {"metadata":{"emulator":{"name":"functions"},"message":"[runtime-status] [57948] Functions runtime initialized. {\"cwd\":\"/media/bony_chops/Data/Users/Documents/nicha-webclient/functions\",\"node_version\":\"14.15.5\"}"}}
[debug] [2021-02-26T05:05:43.749Z] [runtime-status] [57948] Disabled runtime features: undefined {"metadata":{"emulator":{"name":"functions"},"message":"[runtime-status] [57948] Disabled runtime features: undefined"}}
[debug] [2021-02-26T05:05:43.863Z] [runtime-status] [57948] Resolved module firebase-admin {"declared":true,"installed":true,"version":"9.5.0","resolution":"/media/bony_chops/Data/Users/Documents/nicha-webclient/functions/node_modules/firebase-admin/lib/index.js"} {"metadata":{"emulator":{"name":"functions"},"message":"[runtime-status] [57948] Resolved module firebase-admin {\"declared\":true,\"installed\":true,\"version\":\"9.5.0\",\"resolution\":\"/media/bony_chops/Data/Users/Documents/nicha-webclient/functions/node_modules/firebase-admin/lib/index.js\"}"}}
[debug] [2021-02-26T05:05:43.943Z] [runtime-status] [57948] Resolved module firebase-functions {"declared":true,"installed":true,"version":"3.13.1","resolution":"/media/bony_chops/Data/Users/Documents/nicha-webclient/functions/node_modules/firebase-functions/lib/index.js"} {"metadata":{"emulator":{"name":"functions"},"message":"[runtime-status] [57948] Resolved module firebase-functions {\"declared\":true,\"installed\":true,\"version\":\"3.13.1\",\"resolution\":\"/media/bony_chops/Data/Users/Documents/nicha-webclient/functions/node_modules/firebase-functions/lib/index.js\"}"}}
[debug] [2021-02-26T05:05:43.949Z] [runtime-status] [57948] Resolved module firebase-functions {"declared":true,"installed":true,"version":"3.13.1","resolution":"/media/bony_chops/Data/Users/Documents/nicha-webclient/functions/node_modules/firebase-functions/lib/index.js"} {"metadata":{"emulator":{"name":"functions"},"message":"[runtime-status] [57948] Resolved module firebase-functions {\"declared\":true,\"installed\":true,\"version\":\"3.13.1\",\"resolution\":\"/media/bony_chops/Data/Users/Documents/nicha-webclient/functions/node_modules/firebase-functions/lib/index.js\"}"}}
[debug] [2021-02-26T05:05:43.955Z] [runtime-status] [57948] Outgoing network have been stubbed. [{"name":"http","status":"mocked"},{"name":"http","status":"mocked"},{"name":"https","status":"mocked"},{"name":"https","status":"mocked"},{"name":"net","status":"mocked"}] {"metadata":{"emulator":{"name":"functions"},"message":"[runtime-status] [57948] Outgoing network have been stubbed. [{\"name\":\"http\",\"status\":\"mocked\"},{\"name\":\"http\",\"status\":\"mocked\"},{\"name\":\"https\",\"status\":\"mocked\"},{\"name\":\"https\",\"status\":\"mocked\"},{\"name\":\"net\",\"status\":\"mocked\"}]"}}
[debug] [2021-02-26T05:05:43.958Z] [runtime-status] [57948] Resolved module firebase-functions {"declared":true,"installed":true,"version":"3.13.1","resolution":"/media/bony_chops/Data/Users/Documents/nicha-webclient/functions/node_modules/firebase-functions/lib/index.js"} {"metadata":{"emulator":{"name":"functions"},"message":"[runtime-status] [57948] Resolved module firebase-functions {\"declared\":true,\"installed\":true,\"version\":\"3.13.1\",\"resolution\":\"/media/bony_chops/Data/Users/Documents/nicha-webclient/functions/node_modules/firebase-functions/lib/index.js\"}"}}
[debug] [2021-02-26T05:05:45.196Z] [runtime-status] [57948] Checked functions.config() {"config":{}} {"metadata":{"emulator":{"name":"functions"},"message":"[runtime-status] [57948] Checked functions.config() {\"config\":{}}"}}
[debug] [2021-02-26T05:05:45.198Z] [runtime-status] [57948] firebase-functions has been stubbed. {"functionsResolution":{"declared":true,"installed":true,"version":"3.13.1","resolution":"/media/bony_chops/Data/Users/Documents/nicha-webclient/functions/node_modules/firebase-functions/lib/index.js"}} {"metadata":{"emulator":{"name":"functions"},"message":"[runtime-status] [57948] firebase-functions has been stubbed. {\"functionsResolution\":{\"declared\":true,\"installed\":true,\"version\":\"3.13.1\",\"resolution\":\"/media/bony_chops/Data/Users/Documents/nicha-webclient/functions/node_modules/firebase-functions/lib/index.js\"}}"}}
[debug] [2021-02-26T05:05:45.205Z] [runtime-status] [57948] Resolved module firebase-functions {"declared":true,"installed":true,"version":"3.13.1","resolution":"/media/bony_chops/Data/Users/Documents/nicha-webclient/functions/node_modules/firebase-functions/lib/index.js"} {"metadata":{"emulator":{"name":"functions"},"message":"[runtime-status] [57948] Resolved module firebase-functions {\"declared\":true,\"installed\":true,\"version\":\"3.13.1\",\"resolution\":\"/media/bony_chops/Data/Users/Documents/nicha-webclient/functions/node_modules/firebase-functions/lib/index.js\"}"}}
[debug] [2021-02-26T05:05:45.216Z] [runtime-status] [57948] Resolved module firebase-admin {"declared":true,"installed":true,"version":"9.5.0","resolution":"/media/bony_chops/Data/Users/Documents/nicha-webclient/functions/node_modules/firebase-admin/lib/index.js"} {"metadata":{"emulator":{"name":"functions"},"message":"[runtime-status] [57948] Resolved module firebase-admin {\"declared\":true,\"installed\":true,\"version\":\"9.5.0\",\"resolution\":\"/media/bony_chops/Data/Users/Documents/nicha-webclient/functions/node_modules/firebase-admin/lib/index.js\"}"}}
[debug] [2021-02-26T05:05:45.220Z] [runtime-status] [57948] Resolved module firebase-functions {"declared":true,"installed":true,"version":"3.13.1","resolution":"/media/bony_chops/Data/Users/Documents/nicha-webclient/functions/node_modules/firebase-functions/lib/index.js"} {"metadata":{"emulator":{"name":"functions"},"message":"[runtime-status] [57948] Resolved module firebase-functions {\"declared\":true,\"installed\":true,\"version\":\"3.13.1\",\"resolution\":\"/media/bony_chops/Data/Users/Documents/nicha-webclient/functions/node_modules/firebase-functions/lib/index.js\"}"}}
[debug] [2021-02-26T05:05:45.221Z] [runtime-status] [57948] firebase-admin has been stubbed. {"adminResolution":{"declared":true,"installed":true,"version":"9.5.0","resolution":"/media/bony_chops/Data/Users/Documents/nicha-webclient/functions/node_modules/firebase-admin/lib/index.js"}} {"metadata":{"emulator":{"name":"functions"},"message":"[runtime-status] [57948] firebase-admin has been stubbed. {\"adminResolution\":{\"declared\":true,\"installed\":true,\"version\":\"9.5.0\",\"resolution\":\"/media/bony_chops/Data/Users/Documents/nicha-webclient/functions/node_modules/firebase-admin/lib/index.js\"}}"}}
[info] ✔  functions[helloWorld]: http function initialized (http://localhost:5001/nicha-nnct/us-central1/helloWorld). {"metadata":{"emulator":{"name":"functions"},"message":"\u001b[1mhttp\u001b[22m function initialized (http://localhost:5001/nicha-nnct/us-central1/helloWorld)."}}
[info] 
┌─────────────────────────────────────────────────────────────┐
│ ✔  All emulators ready! It is now safe to connect your app. │
│ i  View Emulator UI at http://localhost:30000               │
└─────────────────────────────────────────────────────────────┘

┌───────────┬────────────────┬──────────────────────────────────┐
│ Emulator  │ Host:Port      │ View in Emulator UI              │
├───────────┼────────────────┼──────────────────────────────────┤
│ Functions │ localhost:5001 │ http://localhost:30000/functions │
└───────────┴────────────────┴──────────────────────────────────┘
  Emulator Hub running at localhost:4400
  Other reserved ports: 4500

Issues? Report them at https://github.com/firebase/firebase-tools/issues and attach the *-debug.log files.
 
[debug] [2021-02-26T05:05:45.249Z] [worker-~diagnostic~-a798e014-2468-4ba4-843f-f932e4b9192d]: IDLE {"metadata":{"emulator":{"name":"functions"},"message":"[worker-~diagnostic~-a798e014-2468-4ba4-843f-f932e4b9192d]: IDLE"}}
[debug] [2021-02-26T05:06:34.094Z] Functions emulator received unknown request at path /
[debug] [2021-02-26T05:06:34.455Z] Functions emulator received unknown request at path /favicon.ico
[debug] [2021-02-26T05:07:13.244Z] [work-queue] {"queueLength":1,"workRunningCount":0}
[debug] [2021-02-26T05:07:13.245Z] [work-queue] {"queueLength":0,"workRunningCount":1}
[debug] [2021-02-26T05:07:13.246Z] Accepted request GET /nicha-nnct/us-central1/helloWorld --> helloWorld
[debug] [2021-02-26T05:07:13.264Z] [worker-pool] addWorker(helloWorld) {"metadata":{"emulator":{"name":"functions"},"message":"[worker-pool] addWorker(helloWorld)"}}
[debug] [2021-02-26T05:07:13.265Z] [worker-pool] Adding worker with key helloWorld, total=1 {"metadata":{"emulator":{"name":"functions"},"message":"[worker-pool] Adding worker with key helloWorld, total=1"}}
[debug] [2021-02-26T05:07:13.266Z] [worker-pool] submitWork(triggerId=helloWorld) {"metadata":{"emulator":{"name":"functions"},"message":"[worker-pool] submitWork(triggerId=helloWorld)"}}
[debug] [2021-02-26T05:07:13.267Z] [worker-helloWorld-b26525e8-2fe5-4750-8f6e-e20cd5acc4b0]: Assigning socketPath: /tmp/fire_emu_58575.sock {"metadata":{"emulator":{"name":"functions"},"message":"[worker-helloWorld-b26525e8-2fe5-4750-8f6e-e20cd5acc4b0]: Assigning socketPath: /tmp/fire_emu_58575.sock"}}
[debug] [2021-02-26T05:07:13.268Z] [worker-helloWorld-b26525e8-2fe5-4750-8f6e-e20cd5acc4b0]: BUSY {"metadata":{"emulator":{"name":"functions"},"message":"[worker-helloWorld-b26525e8-2fe5-4750-8f6e-e20cd5acc4b0]: BUSY"}}
[debug] [2021-02-26T05:07:13.479Z] [runtime-status] [58575] Functions runtime initialized. {"cwd":"/media/bony_chops/Data/Users/Documents/nicha-webclient/functions","node_version":"14.15.5"} {"metadata":{"emulator":{"name":"functions"},"function":{"name":"helloWorld"},"message":"[runtime-status] [58575] Functions runtime initialized. {\"cwd\":\"/media/bony_chops/Data/Users/Documents/nicha-webclient/functions\",\"node_version\":\"14.15.5\"}"}}
[debug] [2021-02-26T05:07:13.481Z] [runtime-status] [58575] Disabled runtime features: undefined {"metadata":{"emulator":{"name":"functions"},"function":{"name":"helloWorld"},"message":"[runtime-status] [58575] Disabled runtime features: undefined"}}
[debug] [2021-02-26T05:07:13.484Z] [runtime-status] [58575] Resolved module firebase-admin {"declared":true,"installed":true,"version":"9.5.0","resolution":"/media/bony_chops/Data/Users/Documents/nicha-webclient/functions/node_modules/firebase-admin/lib/index.js"} {"metadata":{"emulator":{"name":"functions"},"function":{"name":"helloWorld"},"message":"[runtime-status] [58575] Resolved module firebase-admin {\"declared\":true,\"installed\":true,\"version\":\"9.5.0\",\"resolution\":\"/media/bony_chops/Data/Users/Documents/nicha-webclient/functions/node_modules/firebase-admin/lib/index.js\"}"}}
[debug] [2021-02-26T05:07:13.486Z] [runtime-status] [58575] Resolved module firebase-functions {"declared":true,"installed":true,"version":"3.13.1","resolution":"/media/bony_chops/Data/Users/Documents/nicha-webclient/functions/node_modules/firebase-functions/lib/index.js"} {"metadata":{"emulator":{"name":"functions"},"function":{"name":"helloWorld"},"message":"[runtime-status] [58575] Resolved module firebase-functions {\"declared\":true,\"installed\":true,\"version\":\"3.13.1\",\"resolution\":\"/media/bony_chops/Data/Users/Documents/nicha-webclient/functions/node_modules/firebase-functions/lib/index.js\"}"}}
[debug] [2021-02-26T05:07:13.488Z] [runtime-status] [58575] Resolved module firebase-functions {"declared":true,"installed":true,"version":"3.13.1","resolution":"/media/bony_chops/Data/Users/Documents/nicha-webclient/functions/node_modules/firebase-functions/lib/index.js"} {"metadata":{"emulator":{"name":"functions"},"function":{"name":"helloWorld"},"message":"[runtime-status] [58575] Resolved module firebase-functions {\"declared\":true,\"installed\":true,\"version\":\"3.13.1\",\"resolution\":\"/media/bony_chops/Data/Users/Documents/nicha-webclient/functions/node_modules/firebase-functions/lib/index.js\"}"}}
[debug] [2021-02-26T05:07:13.489Z] [runtime-status] [58575] Outgoing network have been stubbed. [{"name":"http","status":"mocked"},{"name":"http","status":"mocked"},{"name":"https","status":"mocked"},{"name":"https","status":"mocked"},{"name":"net","status":"mocked"}] {"metadata":{"emulator":{"name":"functions"},"function":{"name":"helloWorld"},"message":"[runtime-status] [58575] Outgoing network have been stubbed. [{\"name\":\"http\",\"status\":\"mocked\"},{\"name\":\"http\",\"status\":\"mocked\"},{\"name\":\"https\",\"status\":\"mocked\"},{\"name\":\"https\",\"status\":\"mocked\"},{\"name\":\"net\",\"status\":\"mocked\"}]"}}
[debug] [2021-02-26T05:07:13.490Z] [runtime-status] [58575] Resolved module firebase-functions {"declared":true,"installed":true,"version":"3.13.1","resolution":"/media/bony_chops/Data/Users/Documents/nicha-webclient/functions/node_modules/firebase-functions/lib/index.js"} {"metadata":{"emulator":{"name":"functions"},"function":{"name":"helloWorld"},"message":"[runtime-status] [58575] Resolved module firebase-functions {\"declared\":true,\"installed\":true,\"version\":\"3.13.1\",\"resolution\":\"/media/bony_chops/Data/Users/Documents/nicha-webclient/functions/node_modules/firebase-functions/lib/index.js\"}"}}
[debug] [2021-02-26T05:07:13.542Z] [runtime-status] [58575] Checked functions.config() {"config":{}} {"metadata":{"emulator":{"name":"functions"},"function":{"name":"helloWorld"},"message":"[runtime-status] [58575] Checked functions.config() {\"config\":{}}"}}
[debug] [2021-02-26T05:07:13.542Z] [runtime-status] [58575] firebase-functions has been stubbed. {"functionsResolution":{"declared":true,"installed":true,"version":"3.13.1","resolution":"/media/bony_chops/Data/Users/Documents/nicha-webclient/functions/node_modules/firebase-functions/lib/index.js"}} {"metadata":{"emulator":{"name":"functions"},"function":{"name":"helloWorld"},"message":"[runtime-status] [58575] firebase-functions has been stubbed. {\"functionsResolution\":{\"declared\":true,\"installed\":true,\"version\":\"3.13.1\",\"resolution\":\"/media/bony_chops/Data/Users/Documents/nicha-webclient/functions/node_modules/firebase-functions/lib/index.js\"}}"}}
[debug] [2021-02-26T05:07:13.543Z] [runtime-status] [58575] Resolved module firebase-functions {"declared":true,"installed":true,"version":"3.13.1","resolution":"/media/bony_chops/Data/Users/Documents/nicha-webclient/functions/node_modules/firebase-functions/lib/index.js"} {"metadata":{"emulator":{"name":"functions"},"function":{"name":"helloWorld"},"message":"[runtime-status] [58575] Resolved module firebase-functions {\"declared\":true,\"installed\":true,\"version\":\"3.13.1\",\"resolution\":\"/media/bony_chops/Data/Users/Documents/nicha-webclient/functions/node_modules/firebase-functions/lib/index.js\"}"}}
[debug] [2021-02-26T05:07:13.547Z] [runtime-status] [58575] Resolved module firebase-admin {"declared":true,"installed":true,"version":"9.5.0","resolution":"/media/bony_chops/Data/Users/Documents/nicha-webclient/functions/node_modules/firebase-admin/lib/index.js"} {"metadata":{"emulator":{"name":"functions"},"function":{"name":"helloWorld"},"message":"[runtime-status] [58575] Resolved module firebase-admin {\"declared\":true,\"installed\":true,\"version\":\"9.5.0\",\"resolution\":\"/media/bony_chops/Data/Users/Documents/nicha-webclient/functions/node_modules/firebase-admin/lib/index.js\"}"}}
[debug] [2021-02-26T05:07:13.548Z] [runtime-status] [58575] Resolved module firebase-functions {"declared":true,"installed":true,"version":"3.13.1","resolution":"/media/bony_chops/Data/Users/Documents/nicha-webclient/functions/node_modules/firebase-functions/lib/index.js"} {"metadata":{"emulator":{"name":"functions"},"function":{"name":"helloWorld"},"message":"[runtime-status] [58575] Resolved module firebase-functions {\"declared\":true,\"installed\":true,\"version\":\"3.13.1\",\"resolution\":\"/media/bony_chops/Data/Users/Documents/nicha-webclient/functions/node_modules/firebase-functions/lib/index.js\"}"}}
[debug] [2021-02-26T05:07:13.548Z] [runtime-status] [58575] firebase-admin has been stubbed. {"adminResolution":{"declared":true,"installed":true,"version":"9.5.0","resolution":"/media/bony_chops/Data/Users/Documents/nicha-webclient/functions/node_modules/firebase-admin/lib/index.js"}} {"metadata":{"emulator":{"name":"functions"},"function":{"name":"helloWorld"},"message":"[runtime-status] [58575] firebase-admin has been stubbed. {\"adminResolution\":{\"declared\":true,\"installed\":true,\"version\":\"9.5.0\",\"resolution\":\"/media/bony_chops/Data/Users/Documents/nicha-webclient/functions/node_modules/firebase-admin/lib/index.js\"}}"}}
[debug] [2021-02-26T05:07:13.551Z] [runtime-status] [58575] Trigger "helloWorld" has been found, beginning invocation! {"metadata":{"emulator":{"name":"functions"},"function":{"name":"helloWorld"},"message":"[runtime-status] [58575] Trigger \"helloWorld\" has been found, beginning invocation!"}}
[info] i  functions: Beginning execution of "helloWorld" {"metadata":{"emulator":{"name":"functions"},"function":{"name":"helloWorld"},"message":"Beginning execution of \"helloWorld\""}}
[debug] [2021-02-26T05:07:13.552Z] [runtime-status] [58575] triggerDefinition {"httpsTrigger":{},"name":"helloWorld","entryPoint":"helloWorld"} {"metadata":{"emulator":{"name":"functions"},"function":{"name":"helloWorld"},"message":"[runtime-status] [58575] triggerDefinition {\"httpsTrigger\":{},\"name\":\"helloWorld\",\"entryPoint\":\"helloWorld\"}"}}
[debug] [2021-02-26T05:07:13.552Z] [runtime-status] [58575] Running helloWorld in mode HTTPS {"metadata":{"emulator":{"name":"functions"},"function":{"name":"helloWorld"},"message":"[runtime-status] [58575] Running helloWorld in mode HTTPS"}}
[debug] [2021-02-26T05:07:13.555Z] [runtime-status] [58575] Attempting to listen to socketPath: /tmp/fire_emu_58575.sock {"metadata":{"emulator":{"name":"functions"},"function":{"name":"helloWorld"},"message":"[runtime-status] [58575] Attempting to listen to socketPath: /tmp/fire_emu_58575.sock"}}
[debug] [2021-02-26T05:07:13.558Z] [functions] Runtime ready! Sending request! {"metadata":{"emulator":{"name":"functions"},"message":"[functions] Runtime ready! Sending request!"}}
[debug] [2021-02-26T05:07:13.559Z] [functions] Got req.url=/nicha-nnct/us-central1/helloWorld, mapping to path=/ {"metadata":{"emulator":{"name":"functions"},"message":"[functions] Got req.url=/nicha-nnct/us-central1/helloWorld, mapping to path=/"}}
[debug] [2021-02-26T05:07:13.568Z] [runtime-status] [58575] Ephemeral server handling GET request {"metadata":{"emulator":{"name":"functions"},"function":{"name":"helloWorld"},"message":"[runtime-status] [58575] Ephemeral server handling GET request"}}
[info] >  {"structuredData":true,"severity":"INFO","message":"Hello logs!"} {"user":{"structuredData":true,"severity":"INFO","message":"Hello logs!"},"metadata":{"emulator":{"name":"functions"},"function":{"name":"helloWorld"},"message":"\u001b[90m> \u001b[39m {\"structuredData\":true,\"severity\":\"INFO\",\"message\":\"Hello logs!\"}"}}
[debug] [2021-02-26T05:07:13.577Z] [runtime-status] [58575] Ephemeral server survived. {"metadata":{"emulator":{"name":"functions"},"function":{"name":"helloWorld"},"message":"[runtime-status] [58575] Ephemeral server survived."}}
[info] i  functions: Finished "helloWorld" in ~1s {"metadata":{"emulator":{"name":"functions"},"function":{"name":"helloWorld"},"message":"Finished \"helloWorld\" in ~1s"}}
[debug] [2021-02-26T05:07:13.580Z] [worker-helloWorld-b26525e8-2fe5-4750-8f6e-e20cd5acc4b0]: IDLE {"metadata":{"emulator":{"name":"functions"},"message":"[worker-helloWorld-b26525e8-2fe5-4750-8f6e-e20cd5acc4b0]: IDLE"}}
[debug] [2021-02-26T05:07:13.581Z] [work-queue] {"queueLength":0,"workRunningCount":0}
